<?xml version="1.0" encoding="UTF-8"?>
<!-- Generated by org.testng.reporters.JUnitXMLReporter -->
<testsuite ignored="0" hostname="DESKTOP-1U92PBD" failures="0" tests="3" name="Default test" time="0.076" errors="0" timestamp="2023-01-16T16:52:07 CST">
  <testcase classname="Testng_concepts.TestClass10" name="testcase3" time="0.007"/>
  <testcase classname="Testng_concepts.TestClass10" name="testcase1" time="0.003"/>
  <testcase classname="Testng_concepts.TestClass10" name="testcase2" time="0.002"/>
</testsuite> <!-- Default test -->
