<?xml version="1.0" encoding="UTF-8"?>
<!-- Generated by org.testng.reporters.JUnitXMLReporter -->
<testsuite ignored="6" hostname="DESKTOP-1U92PBD" failures="0" tests="5" name="Test1" time="0.099" errors="0" timestamp="2023-01-22T16:10:10 CST">
  <testcase classname="Testng_concepts.TestClass2" name="testcase1" time="0.02"/>
  <testcase classname="Testng_concepts.TestClass4" name="testcase1" time="0.018"/>
  <testcase classname="Testng_concepts.TestClass1" name="testcase1" time="0.017"/>
  <testcase classname="Testng_concepts.TestClass5" name="testcase1" time="0.017"/>
  <testcase classname="Testng_concepts.TestClass3" name="testcase1" time="0.023"/>
  <testcase classname="Testng_concepts.TestClass2" name="testcase2" time="0.0">
    <ignored/>
  </testcase> <!-- testcase2 -->
  <testcase classname="Testng_concepts.TestClass1" name="testcase2" time="0.0">
    <ignored/>
  </testcase> <!-- testcase2 -->
  <testcase classname="Testng_concepts.TestClass4" name="testcase2" time="0.0">
    <ignored/>
  </testcase> <!-- testcase2 -->
  <testcase classname="Testng_concepts.TestClass5" name="testcase2" time="0.0">
    <ignored/>
  </testcase> <!-- testcase2 -->
  <testcase classname="Testng_concepts.TestClass1" name="firstrun" time="0.0">
    <ignored/>
  </testcase> <!-- firstrun -->
  <testcase classname="Testng_concepts.TestClass3" name="testcase2" time="0.0">
    <ignored/>
  </testcase> <!-- testcase2 -->
</testsuite> <!-- Test1 -->
