<?xml version="1.0" encoding="UTF-8"?>
<!-- Generated by org.testng.reporters.JUnitXMLReporter -->
<testsuite ignored="10" hostname="DESKTOP-1U92PBD" failures="0" tests="10" name="Test" time="0.099" errors="0" timestamp="2023-01-16T15:50:49 CST">
  <testcase classname="Testng_concepts.TestClass10" name="testcase1" time="0.012"/>
  <testcase classname="Testng_concepts.TestClass9" name="testcase1" time="0.001"/>
  <testcase classname="Testng_concepts.TestClass8" name="testcase1" time="0.001"/>
  <testcase classname="Testng_concepts.TestClass7" name="testcase1" time="0.001"/>
  <testcase classname="Testng_concepts.TestClass6" name="testcase1" time="0.001"/>
  <testcase classname="Testng_concepts.TestClass5" name="testcase1" time="0.001"/>
  <testcase classname="Testng_concepts.TestClass4" name="testcase1" time="0.001"/>
  <testcase classname="Testng_concepts.TestClass3" name="testcase1" time="0.002"/>
  <testcase classname="Testng_concepts.TestClass2" name="testcase1" time="0.002"/>
  <testcase classname="Testng_concepts.TestClass1" name="testcase1" time="0.002"/>
  <testcase classname="Testng_concepts.TestClass9" name="testcase2" time="0.0">
    <ignored/>
  </testcase> <!-- testcase2 -->
  <testcase classname="Testng_concepts.TestClass10" name="testcase2" time="0.0">
    <ignored/>
  </testcase> <!-- testcase2 -->
  <testcase classname="Testng_concepts.TestClass5" name="testcase2" time="0.0">
    <ignored/>
  </testcase> <!-- testcase2 -->
  <testcase classname="Testng_concepts.TestClass4" name="testcase2" time="0.0">
    <ignored/>
  </testcase> <!-- testcase2 -->
  <testcase classname="Testng_concepts.TestClass7" name="testcase2" time="0.0">
    <ignored/>
  </testcase> <!-- testcase2 -->
  <testcase classname="Testng_concepts.TestClass2" name="testcase2" time="0.0">
    <ignored/>
  </testcase> <!-- testcase2 -->
  <testcase classname="Testng_concepts.TestClass6" name="testcase2" time="0.0">
    <ignored/>
  </testcase> <!-- testcase2 -->
  <testcase classname="Testng_concepts.TestClass3" name="testcase2" time="0.0">
    <ignored/>
  </testcase> <!-- testcase2 -->
  <testcase classname="Testng_concepts.TestClass1" name="testcase2" time="0.0">
    <ignored/>
  </testcase> <!-- testcase2 -->
  <testcase classname="Testng_concepts.TestClass8" name="testcase2" time="0.0">
    <ignored/>
  </testcase> <!-- testcase2 -->
</testsuite> <!-- Test -->
