<?xml version="1.0" encoding="UTF-8"?>
<!-- Generated by org.testng.reporters.JUnitXMLReporter -->
<testsuite ignored="0" hostname="DESKTOP-1U92PBD" failures="0" tests="8" name="TEST2" time="0.127" errors="0" timestamp="2023-01-22T16:10:10 CST">
  <testcase classname="Testng_concepts.TestClass6" name="testcase1" time="0.017"/>
  <testcase classname="Testng_concepts.TestClass6" name="testcase2" time="0.002"/>
  <testcase classname="Testng_concepts.TestClass7" name="testcase1" time="0.001"/>
  <testcase classname="Testng_concepts.TestClass7" name="testcase2" time="0.001"/>
  <testcase classname="Testng_concepts.TestClass8" name="testcase1" time="0.002"/>
  <testcase classname="Testng_concepts.TestClass8" name="testcase2" time="0.002"/>
  <testcase classname="Testng_concepts.TestClass9" name="testcase1" time="0.001"/>
  <testcase classname="Testng_concepts.TestClass9" name="testcase2" time="0.001"/>
</testsuite> <!-- TEST2 -->
