<?xml version="1.0" encoding="UTF-8"?>
<testng-results ignored="6" total="19" passed="13" failed="0" skipped="0">
  <reporter-output>
  </reporter-output>
  <suite started-at="2023-01-22T16:10:10 CST" name="Suite" finished-at="2023-01-22T16:10:10 CST" duration-ms="127">
    <groups>
      <group name="REgression">
        <method signature="TestClass1.testcase1()[pri:1, instance:Testng_concepts.TestClass1@4562e04d]" name="testcase1" class="Testng_concepts.TestClass1"/>
        <method signature="TestClass3.testcase1()[pri:1, instance:Testng_concepts.TestClass3@7c7b252e]" name="testcase1" class="Testng_concepts.TestClass3"/>
        <method signature="TestClass4.testcase1()[pri:1, instance:Testng_concepts.TestClass4@4d5d943d]" name="testcase1" class="Testng_concepts.TestClass4"/>
        <method signature="TestClass5.testcase1()[pri:1, instance:Testng_concepts.TestClass5@368f2016]" name="testcase1" class="Testng_concepts.TestClass5"/>
        <method signature="TestClass2.testcase1()[pri:2, instance:Testng_concepts.TestClass2@7cc0cdad]" name="testcase1" class="Testng_concepts.TestClass2"/>
        <method signature="TestClass6.testcase1()[pri:1, instance:Testng_concepts.TestClass6@dd05255]" name="testcase1" class="Testng_concepts.TestClass6"/>
        <method signature="TestClass7.testcase1()[pri:1, instance:Testng_concepts.TestClass7@6a78afa0]" name="testcase1" class="Testng_concepts.TestClass7"/>
        <method signature="TestClass8.testcase1()[pri:1, instance:Testng_concepts.TestClass8@2f4948e4]" name="testcase1" class="Testng_concepts.TestClass8"/>
        <method signature="TestClass9.testcase1()[pri:1, instance:Testng_concepts.TestClass9@1f2586d6]" name="testcase1" class="Testng_concepts.TestClass9"/>
      </group> <!-- REgression -->
    </groups>
    <test started-at="2023-01-22T16:10:10 CST" name="TEST2" finished-at="2023-01-22T16:10:10 CST" duration-ms="127">
      <class name="Testng_concepts.TestClass6">
        <test-method signature="testcase1()[pri:1, instance:Testng_concepts.TestClass6@dd05255]" started-at="2023-01-22T16:10:10 CST" name="testcase1" finished-at="2023-01-22T16:10:10 CST" duration-ms="17" status="PASS">
          <reporter-output>
          </reporter-output>
        </test-method> <!-- testcase1 -->
        <test-method signature="testcase2()[pri:2, instance:Testng_concepts.TestClass6@dd05255]" started-at="2023-01-22T16:10:10 CST" name="testcase2" finished-at="2023-01-22T16:10:10 CST" duration-ms="2" status="PASS">
          <reporter-output>
          </reporter-output>
        </test-method> <!-- testcase2 -->
      </class> <!-- Testng_concepts.TestClass6 -->
      <class name="Testng_concepts.TestClass8">
        <test-method signature="testcase1()[pri:1, instance:Testng_concepts.TestClass8@2f4948e4]" started-at="2023-01-22T16:10:10 CST" name="testcase1" finished-at="2023-01-22T16:10:10 CST" duration-ms="2" status="PASS">
          <reporter-output>
          </reporter-output>
        </test-method> <!-- testcase1 -->
        <test-method signature="testcase2()[pri:2, instance:Testng_concepts.TestClass8@2f4948e4]" started-at="2023-01-22T16:10:10 CST" name="testcase2" finished-at="2023-01-22T16:10:10 CST" duration-ms="2" status="PASS">
          <reporter-output>
          </reporter-output>
        </test-method> <!-- testcase2 -->
      </class> <!-- Testng_concepts.TestClass8 -->
      <class name="Testng_concepts.TestClass7">
        <test-method signature="testcase1()[pri:1, instance:Testng_concepts.TestClass7@6a78afa0]" started-at="2023-01-22T16:10:10 CST" name="testcase1" finished-at="2023-01-22T16:10:10 CST" duration-ms="1" status="PASS">
          <reporter-output>
          </reporter-output>
        </test-method> <!-- testcase1 -->
        <test-method signature="testcase2()[pri:2, instance:Testng_concepts.TestClass7@6a78afa0]" started-at="2023-01-22T16:10:10 CST" name="testcase2" finished-at="2023-01-22T16:10:10 CST" duration-ms="1" status="PASS">
          <reporter-output>
          </reporter-output>
        </test-method> <!-- testcase2 -->
      </class> <!-- Testng_concepts.TestClass7 -->
      <class name="Testng_concepts.TestClass9">
        <test-method signature="testcase1()[pri:1, instance:Testng_concepts.TestClass9@1f2586d6]" started-at="2023-01-22T16:10:10 CST" name="testcase1" finished-at="2023-01-22T16:10:10 CST" duration-ms="1" status="PASS">
          <reporter-output>
          </reporter-output>
        </test-method> <!-- testcase1 -->
        <test-method signature="testcase2()[pri:2, instance:Testng_concepts.TestClass9@1f2586d6]" started-at="2023-01-22T16:10:10 CST" name="testcase2" finished-at="2023-01-22T16:10:10 CST" duration-ms="1" status="PASS">
          <reporter-output>
          </reporter-output>
        </test-method> <!-- testcase2 -->
      </class> <!-- Testng_concepts.TestClass9 -->
    </test> <!-- TEST2 -->
    <test started-at="2023-01-22T16:10:10 CST" name="Test1" finished-at="2023-01-22T16:10:10 CST" duration-ms="99">
      <class name="Testng_concepts.TestClass2">
        <test-method signature="testcase1()[pri:2, instance:Testng_concepts.TestClass2@7cc0cdad]" started-at="2023-01-22T16:10:10 CST" name="testcase1" finished-at="2023-01-22T16:10:10 CST" duration-ms="20" status="PASS">
          <reporter-output>
          </reporter-output>
        </test-method> <!-- testcase1 -->
      </class> <!-- Testng_concepts.TestClass2 -->
      <class name="Testng_concepts.TestClass1">
        <test-method signature="testcase1()[pri:1, instance:Testng_concepts.TestClass1@4562e04d]" started-at="2023-01-22T16:10:10 CST" name="testcase1" finished-at="2023-01-22T16:10:10 CST" duration-ms="17" status="PASS">
          <reporter-output>
          </reporter-output>
        </test-method> <!-- testcase1 -->
      </class> <!-- Testng_concepts.TestClass1 -->
      <class name="Testng_concepts.TestClass4">
        <test-method signature="testcase1()[pri:1, instance:Testng_concepts.TestClass4@4d5d943d]" started-at="2023-01-22T16:10:10 CST" name="testcase1" finished-at="2023-01-22T16:10:10 CST" duration-ms="18" status="PASS">
          <reporter-output>
          </reporter-output>
        </test-method> <!-- testcase1 -->
      </class> <!-- Testng_concepts.TestClass4 -->
      <class name="Testng_concepts.TestClass3">
        <test-method signature="testcase1()[pri:1, instance:Testng_concepts.TestClass3@7c7b252e]" started-at="2023-01-22T16:10:10 CST" name="testcase1" finished-at="2023-01-22T16:10:10 CST" duration-ms="23" status="PASS">
          <reporter-output>
          </reporter-output>
        </test-method> <!-- testcase1 -->
      </class> <!-- Testng_concepts.TestClass3 -->
      <class name="Testng_concepts.TestClass5">
        <test-method signature="testcase1()[pri:1, instance:Testng_concepts.TestClass5@368f2016]" started-at="2023-01-22T16:10:10 CST" name="testcase1" finished-at="2023-01-22T16:10:10 CST" duration-ms="17" status="PASS">
          <reporter-output>
          </reporter-output>
        </test-method> <!-- testcase1 -->
      </class> <!-- Testng_concepts.TestClass5 -->
    </test> <!-- Test1 -->
  </suite> <!-- Suite -->
</testng-results>
