<?xml version="1.0" encoding="UTF-8"?>
<testng-results ignored="6" total="22" passed="16" failed="0" skipped="0">
  <reporter-output>
  </reporter-output>
  <suite started-at="2023-01-16T16:52:37 CST" name="Suite" finished-at="2023-01-16T16:52:37 CST" duration-ms="121">
    <groups>
      <group name="testing">
        <method signature="TestClass10.testcase3()[pri:0, instance:Testng_concepts.TestClass10@34e9fd99]" name="testcase3" class="Testng_concepts.TestClass10"/>
      </group> <!-- testing -->
      <group name="REgression">
        <method signature="TestClass1.testcase1()[pri:1, instance:Testng_concepts.TestClass1@4ec4f3a0]" name="testcase1" class="Testng_concepts.TestClass1"/>
        <method signature="TestClass3.testcase1()[pri:1, instance:Testng_concepts.TestClass3@5b8dfcc1]" name="testcase1" class="Testng_concepts.TestClass3"/>
        <method signature="TestClass4.testcase1()[pri:1, instance:Testng_concepts.TestClass4@2f9f7dcf]" name="testcase1" class="Testng_concepts.TestClass4"/>
        <method signature="TestClass5.testcase1()[pri:1, instance:Testng_concepts.TestClass5@747ddf94]" name="testcase1" class="Testng_concepts.TestClass5"/>
        <method signature="TestClass2.testcase1()[pri:2, instance:Testng_concepts.TestClass2@72967906]" name="testcase1" class="Testng_concepts.TestClass2"/>
        <method signature="TestClass10.testcase1()[pri:1, instance:Testng_concepts.TestClass10@34e9fd99]" name="testcase1" class="Testng_concepts.TestClass10"/>
        <method signature="TestClass6.testcase1()[pri:1, instance:Testng_concepts.TestClass6@292b08d6]" name="testcase1" class="Testng_concepts.TestClass6"/>
        <method signature="TestClass7.testcase1()[pri:1, instance:Testng_concepts.TestClass7@22555ebf]" name="testcase1" class="Testng_concepts.TestClass7"/>
        <method signature="TestClass8.testcase1()[pri:1, instance:Testng_concepts.TestClass8@36ebc363]" name="testcase1" class="Testng_concepts.TestClass8"/>
        <method signature="TestClass9.testcase1()[pri:1, instance:Testng_concepts.TestClass9@45752059]" name="testcase1" class="Testng_concepts.TestClass9"/>
      </group> <!-- REgression -->
    </groups>
    <test started-at="2023-01-16T16:52:37 CST" name="test2" finished-at="2023-01-16T16:52:37 CST" duration-ms="121">
      <class name="Testng_concepts.TestClass6">
        <test-method signature="testcase1()[pri:1, instance:Testng_concepts.TestClass6@292b08d6]" started-at="2023-01-16T16:52:37 CST" name="testcase1" finished-at="2023-01-16T16:52:37 CST" duration-ms="2" status="PASS">
          <reporter-output>
          </reporter-output>
        </test-method> <!-- testcase1 -->
        <test-method signature="testcase2()[pri:2, instance:Testng_concepts.TestClass6@292b08d6]" started-at="2023-01-16T16:52:37 CST" name="testcase2" finished-at="2023-01-16T16:52:37 CST" duration-ms="2" status="PASS">
          <reporter-output>
          </reporter-output>
        </test-method> <!-- testcase2 -->
      </class> <!-- Testng_concepts.TestClass6 -->
      <class name="Testng_concepts.TestClass8">
        <test-method signature="testcase1()[pri:1, instance:Testng_concepts.TestClass8@36ebc363]" started-at="2023-01-16T16:52:37 CST" name="testcase1" finished-at="2023-01-16T16:52:37 CST" duration-ms="1" status="PASS">
          <reporter-output>
          </reporter-output>
        </test-method> <!-- testcase1 -->
        <test-method signature="testcase2()[pri:2, instance:Testng_concepts.TestClass8@36ebc363]" started-at="2023-01-16T16:52:37 CST" name="testcase2" finished-at="2023-01-16T16:52:37 CST" duration-ms="1" status="PASS">
          <reporter-output>
          </reporter-output>
        </test-method> <!-- testcase2 -->
      </class> <!-- Testng_concepts.TestClass8 -->
      <class name="Testng_concepts.TestClass7">
        <test-method signature="testcase1()[pri:1, instance:Testng_concepts.TestClass7@22555ebf]" started-at="2023-01-16T16:52:37 CST" name="testcase1" finished-at="2023-01-16T16:52:37 CST" duration-ms="3" status="PASS">
          <reporter-output>
          </reporter-output>
        </test-method> <!-- testcase1 -->
        <test-method signature="testcase2()[pri:2, instance:Testng_concepts.TestClass7@22555ebf]" started-at="2023-01-16T16:52:37 CST" name="testcase2" finished-at="2023-01-16T16:52:37 CST" duration-ms="1" status="PASS">
          <reporter-output>
          </reporter-output>
        </test-method> <!-- testcase2 -->
      </class> <!-- Testng_concepts.TestClass7 -->
      <class name="Testng_concepts.TestClass10">
        <test-method signature="testcase3()[pri:0, instance:Testng_concepts.TestClass10@34e9fd99]" started-at="2023-01-16T16:52:37 CST" name="testcase3" finished-at="2023-01-16T16:52:37 CST" duration-ms="12" status="PASS">
          <reporter-output>
          </reporter-output>
        </test-method> <!-- testcase3 -->
        <test-method signature="testcase1()[pri:1, instance:Testng_concepts.TestClass10@34e9fd99]" started-at="2023-01-16T16:52:37 CST" name="testcase1" finished-at="2023-01-16T16:52:37 CST" duration-ms="1" status="PASS">
          <reporter-output>
          </reporter-output>
        </test-method> <!-- testcase1 -->
        <test-method signature="testcase2()[pri:2, instance:Testng_concepts.TestClass10@34e9fd99]" started-at="2023-01-16T16:52:37 CST" name="testcase2" depends-on-groups="testing" finished-at="2023-01-16T16:52:37 CST" duration-ms="2" status="PASS">
          <reporter-output>
          </reporter-output>
        </test-method> <!-- testcase2 -->
      </class> <!-- Testng_concepts.TestClass10 -->
      <class name="Testng_concepts.TestClass9">
        <test-method signature="testcase1()[pri:1, instance:Testng_concepts.TestClass9@45752059]" started-at="2023-01-16T16:52:37 CST" name="testcase1" finished-at="2023-01-16T16:52:37 CST" duration-ms="2" status="PASS">
          <reporter-output>
          </reporter-output>
        </test-method> <!-- testcase1 -->
        <test-method signature="testcase2()[pri:2, instance:Testng_concepts.TestClass9@45752059]" started-at="2023-01-16T16:52:37 CST" name="testcase2" finished-at="2023-01-16T16:52:37 CST" duration-ms="2" status="PASS">
          <reporter-output>
          </reporter-output>
        </test-method> <!-- testcase2 -->
      </class> <!-- Testng_concepts.TestClass9 -->
    </test> <!-- test2 -->
    <test started-at="2023-01-16T16:52:37 CST" name="Test1" finished-at="2023-01-16T16:52:37 CST" duration-ms="72">
      <class name="Testng_concepts.TestClass2">
        <test-method signature="testcase1()[pri:2, instance:Testng_concepts.TestClass2@72967906]" started-at="2023-01-16T16:52:37 CST" name="testcase1" finished-at="2023-01-16T16:52:37 CST" duration-ms="12" status="PASS">
          <reporter-output>
          </reporter-output>
        </test-method> <!-- testcase1 -->
      </class> <!-- Testng_concepts.TestClass2 -->
      <class name="Testng_concepts.TestClass1">
        <test-method signature="testcase1()[pri:1, instance:Testng_concepts.TestClass1@4ec4f3a0]" started-at="2023-01-16T16:52:37 CST" name="testcase1" finished-at="2023-01-16T16:52:37 CST" duration-ms="12" status="PASS">
          <reporter-output>
          </reporter-output>
        </test-method> <!-- testcase1 -->
      </class> <!-- Testng_concepts.TestClass1 -->
      <class name="Testng_concepts.TestClass4">
        <test-method signature="testcase1()[pri:1, instance:Testng_concepts.TestClass4@2f9f7dcf]" started-at="2023-01-16T16:52:37 CST" name="testcase1" finished-at="2023-01-16T16:52:37 CST" duration-ms="13" status="PASS">
          <reporter-output>
          </reporter-output>
        </test-method> <!-- testcase1 -->
      </class> <!-- Testng_concepts.TestClass4 -->
      <class name="Testng_concepts.TestClass3">
        <test-method signature="testcase1()[pri:1, instance:Testng_concepts.TestClass3@5b8dfcc1]" started-at="2023-01-16T16:52:37 CST" name="testcase1" finished-at="2023-01-16T16:52:37 CST" duration-ms="12" status="PASS">
          <reporter-output>
          </reporter-output>
        </test-method> <!-- testcase1 -->
      </class> <!-- Testng_concepts.TestClass3 -->
      <class name="Testng_concepts.TestClass5">
        <test-method signature="testcase1()[pri:1, instance:Testng_concepts.TestClass5@747ddf94]" started-at="2023-01-16T16:52:37 CST" name="testcase1" finished-at="2023-01-16T16:52:37 CST" duration-ms="12" status="PASS">
          <reporter-output>
          </reporter-output>
        </test-method> <!-- testcase1 -->
      </class> <!-- Testng_concepts.TestClass5 -->
    </test> <!-- Test1 -->
  </suite> <!-- Suite -->
</testng-results>
